<?xml version="1.0" encoding="UTF-8"?>
<testsuite xmlns:xsi="http://www.w3.org/2001/XMLSchema-instance" xsi:noNamespaceSchemaLocation="https://maven.apache.org/surefire/maven-surefire-plugin/xsd/surefire-test-report-3.0.xsd" version="3.0" name="at.htl.examples.HelloWorldTest" time="0.12" tests="2" errors="0" skipped="0" failures="2">
  <properties>
[...]
</properties>
  <testcase name="test001" classname="at.htl.examples.HelloWorldTest" time="0.09">
    <failure type="org.opentest4j.AssertionFailedError"><![CDATA[org.opentest4j.AssertionFailedError: 

Expecting:
 <"Hello, World!
">
to be equal to:
 <"Hello, World!
">
but was not.
	at at.htl.examples.HelloWorldTest.test001(HelloWorldTest.java:53)
]]></failure>
  </testcase>
  <testcase name="test002" classname="at.htl.examples.HelloWorldTest" time="0.006">
    <failure type="org.opentest4j.AssertionFailedError"><![CDATA[org.opentest4j.AssertionFailedError: 

Expecting:
 <false>
to be equal to:
 <true>
but was not.
	at at.htl.examples.HelloWorldTest.test002(HelloWorldTest.java:58)
]]></failure>
  </testcase>
</testsuite>